<?xml version="1.0" encoding="UTF-8"?>
<testsuite name="skeleton.RunCukesTest" tests="0" skipped="0" failures="0" errors="0" timestamp="1970-01-01T00:00:00" hostname="in-satheesh.local" time="0.0">
  <properties/>
  <system-out><![CDATA[Feature: sso login

  Scenario: Login to okta      ?[90m# skeleton/belly.feature:3?[0m
    ?[31mGiven ?[0m?[31mthe OKTA url?[0m         ?[90m# Stepdefs.the_OKTA_url()?[0m
      ?[31morg.openqa.selenium.WebDriverException: Cannot find firefox binary in PATH. Make sure firefox is installed. OS appears to be: MAC
      Build info: version: '2.53.0', revision: '35ae25b1534ae328c771e0856c93e187490ca824', time: '2016-03-15 10:43:46'
      System info: host: 'in-satheesh.local', ip: '10.134.22.78', os.name: 'Mac OS X', os.arch: 'x86_64', os.version: '10.11.3', java.version: '1.8.0_91'
      Driver info: driver.version: FirefoxDriver
      	at org.openqa.selenium.firefox.internal.Executable.<init>(Executable.java:75)
      	at org.openqa.selenium.firefox.FirefoxBinary.<init>(FirefoxBinary.java:60)
      	at org.openqa.selenium.firefox.FirefoxBinary.<init>(FirefoxBinary.java:56)
      	at org.openqa.selenium.firefox.FirefoxDriver.<init>(FirefoxDriver.java:120)
      	at skeleton.Stepdefs.the_OKTA_url(Stepdefs.java:27)
      	at ✽.Given the OKTA url(skeleton/belly.feature:4)
      ?[0m
    ?[36mWhen ?[0m?[36mI enter username?[0m      ?[90m# Stepdefs.i_enter_username()?[0m
    ?[36mAnd ?[0m?[36mI enter Password?[0m       ?[90m# Stepdefs.i_enter_Password()?[0m
    ?[36mWhen ?[0m?[36mI click signin button?[0m ?[90m# Stepdefs.i_click_signin_button()?[0m
    ?[36mThen ?[0m?[36mI should be loggedin?[0m  ?[90m# Stepdefs.i_should_be_loggedin()?[0m

?[31mFailed scenarios:?[0m
?[31mskeleton/belly.feature:3 ?[0m# Scenario: Login to okta

1 Scenarios (?[31m1 failed?[0m)
5 Steps (?[31m1 failed?[0m, ?[36m4 skipped?[0m)
0m0.127s

org.openqa.selenium.WebDriverException: Cannot find firefox binary in PATH. Make sure firefox is installed. OS appears to be: MAC
Build info: version: '2.53.0', revision: '35ae25b1534ae328c771e0856c93e187490ca824', time: '2016-03-15 10:43:46'
System info: host: 'in-satheesh.local', ip: '10.134.22.78', os.name: 'Mac OS X', os.arch: 'x86_64', os.version: '10.11.3', java.version: '1.8.0_91'
Driver info: driver.version: FirefoxDriver
	at org.openqa.selenium.firefox.internal.Executable.<init>(Executable.java:75)
	at org.openqa.selenium.firefox.FirefoxBinary.<init>(FirefoxBinary.java:60)
	at org.openqa.selenium.firefox.FirefoxBinary.<init>(FirefoxBinary.java:56)
	at org.openqa.selenium.firefox.FirefoxDriver.<init>(FirefoxDriver.java:120)
	at skeleton.Stepdefs.the_OKTA_url(Stepdefs.java:27)
	at ✽.Given the OKTA url(skeleton/belly.feature:4)

]]></system-out>
  <system-err><![CDATA[]]></system-err>
</testsuite>
